./sdriver.pl -t trace01.txt -s ./tsh -a "-p"
#
# trace01.txt - Properly terminate on EOF.
#
./sdriver.pl -t trace02.txt -s ./tsh -a "-p"
#
# trace02.txt - Process builtin quit command.
#
./sdriver.pl -t trace03.txt -s ./tsh -a "-p"
#
# trace03.txt - Run a foreground job.
#
tsh> quit
./sdriver.pl -t trace04.txt -s ./tsh -a "-p"
#
# trace04.txt - Run a background job.
#
tsh> ./myspin 1 &
[1] (269) ./myspin 1 &
./sdriver.pl -t trace05.txt -s ./tsh -a "-p"
#
# trace05.txt - Process jobs builtin command.
#
tsh> ./myspin 2 &
[1] (274) ./myspin 2 &
tsh> ./myspin 3 &
[2] (276) ./myspin 3 &
tsh> jobs
[1] (274) Running ./myspin 2 &
[2] (276) Running ./myspin 3 &
./sdriver.pl -t trace06.txt -s ./tsh -a "-p"
#
# trace06.txt - Forward SIGINT to foreground job.
#
tsh> ./myspin 4
Job [1] (282) terminated by signal 2
./sdriver.pl -t trace07.txt -s ./tsh -a "-p"
#
# trace07.txt - Forward SIGINT only to foreground job.
#
tsh> ./myspin 4 &
[1] (287) ./myspin 4 &
tsh> ./myspin 5
Job [2] (289) terminated by signal 2
tsh> jobs
[1] (287) Running ./myspin 4 &
./sdriver.pl -t trace08.txt -s ./tsh -a "-p"
#
# trace08.txt - Forward SIGTSTP only to foreground job.
#
tsh> ./myspin 4 &
[1] (295) ./myspin 4 &
tsh> ./myspin 5
Job [2] (297) stopped by signal 20
tsh> jobs
[1] (295) Running ./myspin 4 &
[2] (297) Stopped ./myspin 5 
./sdriver.pl -t trace09.txt -s ./tsh -a "-p"
#
# trace09.txt - Process bg builtin command
#
tsh> ./myspin 4 &
[1] (303) ./myspin 4 &
tsh> ./myspin 5
Job [2] (305) stopped by signal 20
tsh> jobs
[1] (303) Running ./myspin 4 &
[2] (305) Stopped ./myspin 5 
tsh> bg %2
[2] (305) ./myspin 5 
tsh> jobs
[1] (303) Running ./myspin 4 &
[2] (305) Running ./myspin 5 
./sdriver.pl -t trace10.txt -s ./tsh -a "-p"
#
# trace10.txt - Process fg builtin command. 
#
tsh> ./myspin 4 &
[1] (313) ./myspin 4 &
tsh> fg %1
Job [1] (313) stopped by signal 20
tsh> jobs
[1] (313) Stopped ./myspin 4 &
tsh> fg %1
tsh> jobs
./sdriver.pl -t trace11.txt -s ./tsh -a "-p"
#
# trace11.txt - Forward SIGINT to every process in foreground process group
#
tsh> ./mysplit 4
Job [1] (322) terminated by signal 2
tsh> /bin/ps a
  PID TTY      STAT   TIME COMMAND
    1 pts/0    Ss     0:01 /bin/zsh
  100 pts/0    S+     0:00 tmux
  103 pts/1    Ss     0:00 -bash
  254 pts/1    S+     0:00 make tests
  318 pts/1    S+     0:00 /bin/sh -c ./sdriver.pl -t trace11.txt -s ./tsh -a "-p"
  319 pts/1    S+     0:00 /usr/bin/perl ./sdriver.pl -t trace11.txt -s ./tsh -a -p
  320 pts/1    S+     0:00 ./tsh -p
  325 pts/1    R      0:00 /bin/ps a
./sdriver.pl -t trace12.txt -s ./tsh -a "-p"
#
# trace12.txt - Forward SIGTSTP to every process in foreground process group
#
tsh> ./mysplit 4
Job [1] (330) stopped by signal 20
tsh> jobs
[1] (330) Stopped ./mysplit 4 
tsh> /bin/ps a
  PID TTY      STAT   TIME COMMAND
    1 pts/0    Ss     0:01 /bin/zsh
  100 pts/0    S+     0:00 tmux
  103 pts/1    Ss     0:00 -bash
  254 pts/1    S+     0:00 make tests
  326 pts/1    S+     0:00 /bin/sh -c ./sdriver.pl -t trace12.txt -s ./tsh -a "-p"
  327 pts/1    S+     0:00 /usr/bin/perl ./sdriver.pl -t trace12.txt -s ./tsh -a -p
  328 pts/1    S+     0:00 ./tsh -p
  330 pts/1    T      0:00 ./mysplit 4
  331 pts/1    T      0:00 ./mysplit 4
  334 pts/1    R      0:00 /bin/ps a
./sdriver.pl -t trace13.txt -s ./tsh -a "-p"
#
# trace13.txt - Restart every stopped process in process group
#
tsh> ./mysplit 4
Job [1] (339) stopped by signal 20
tsh> jobs
[1] (339) Stopped ./mysplit 4 
tsh> /bin/ps a
  PID TTY      STAT   TIME COMMAND
    1 pts/0    Ss     0:01 /bin/zsh
  100 pts/0    S+     0:00 tmux
  103 pts/1    Ss     0:00 -bash
  254 pts/1    S+     0:00 make tests
  335 pts/1    S+     0:00 /bin/sh -c ./sdriver.pl -t trace13.txt -s ./tsh -a "-p"
  336 pts/1    S+     0:00 /usr/bin/perl ./sdriver.pl -t trace13.txt -s ./tsh -a -p
  337 pts/1    S+     0:00 ./tsh -p
  339 pts/1    T      0:00 ./mysplit 4
  340 pts/1    T      0:00 ./mysplit 4
  343 pts/1    R      0:00 /bin/ps a
tsh> fg %1
tsh> /bin/ps a
  PID TTY      STAT   TIME COMMAND
    1 pts/0    Ss     0:01 /bin/zsh
  100 pts/0    S+     0:00 tmux
  103 pts/1    Ss     0:00 -bash
  254 pts/1    S+     0:00 make tests
  335 pts/1    S+     0:00 /bin/sh -c ./sdriver.pl -t trace13.txt -s ./tsh -a "-p"
  336 pts/1    S+     0:00 /usr/bin/perl ./sdriver.pl -t trace13.txt -s ./tsh -a -p
  337 pts/1    S+     0:00 ./tsh -p
  346 pts/1    R      0:00 /bin/ps a
./sdriver.pl -t trace14.txt -s ./tsh -a "-p"
#
# trace14.txt - Simple error handling
#
tsh> ./bogus
./bogus: Command not found
tsh> ./myspin 4 &
[1] (353) ./myspin 4 &
tsh> fg
fg command requires PID or %jobid argument
tsh> bg
bg command requires PID or %jobid argument
tsh> fg a
fg: argument must be a PID or %jobid
tsh> bg a
bg: argument must be a PID or %jobid
tsh> fg 9999999
(9999999): No such process
tsh> bg 9999999
(9999999): No such process
tsh> fg %2
%2: No such job
tsh> fg %1
Job [1] (353) stopped by signal 20
tsh> bg %2
%2: No such job
tsh> bg %1
[1] (353) ./myspin 4 &
tsh> jobs
[1] (353) Running ./myspin 4 &
./sdriver.pl -t trace15.txt -s ./tsh -a "-p"
#
# trace15.txt - Putting it all together
#
tsh> ./bogus
./bogus: Command not found
tsh> ./myspin 10
Job [1] (371) terminated by signal 2
tsh> ./myspin 3 &
[1] (373) ./myspin 3 &
tsh> ./myspin 4 &
[2] (375) ./myspin 4 &
tsh> jobs
[1] (373) Running ./myspin 3 &
[2] (375) Running ./myspin 4 &
tsh> fg %1
Job [1] (373) stopped by signal 20
tsh> jobs
[1] (373) Stopped ./myspin 3 &
[2] (375) Running ./myspin 4 &
tsh> bg %3
%3: No such job
tsh> bg %1
[1] (373) ./myspin 3 &
tsh> jobs
[1] (373) Running ./myspin 3 &
[2] (375) Running ./myspin 4 &
tsh> fg %1
tsh> quit
./sdriver.pl -t trace16.txt -s ./tsh -a "-p"
#
# trace16.txt - Tests whether the shell can handle SIGTSTP and SIGINT
#     signals that come from other processes instead of the terminal.
#
tsh> ./mystop 2
Job [1] (388) stopped by signal 20
tsh> jobs
[1] (388) Stopped ./mystop 2
tsh> ./myint 2
Job [2] (391) terminated by signal 2
